app/build/intermediates/manifest_merge_blame_file/debug/processDebugMainManifest/manifest-merger-blame-debug-report.txt
1<?xml version="1.0" encoding="utf-8"?>
2<manifest xmlns:android="http://schemas.android.com/apk/res/android"
3    package="com.vibeout.talaa.debug"
4    android:versionCode="1"
5    android:versionName="1.0.0-debug" >
6
7    <uses-sdk
8        android:minSdkVersion="26"
9        android:targetSdkVersion="35" />
10
11    <uses-permission android:name="android.permission.INTERNET" />
11-->src/main/AndroidManifest.xml:3:5-67
11-->src/main/AndroidManifest.xml:3:22-64
12    <uses-permission android:name="android.permission.ACCESS_NETWORK_STATE" />
12-->src/main/AndroidManifest.xml:4:5-79
12-->src/main/AndroidManifest.xml:4:22-76
13    <uses-permission android:name="android.permission.ACCESS_COARSE_LOCATION" />
13-->src/main/AndroidManifest.xml:5:5-81
13-->src/main/AndroidManifest.xml:5:22-78
14    <uses-permission android:name="android.permission.ACCESS_FINE_LOCATION" />
14-->src/main/AndroidManifest.xml:6:5-79
14-->src/main/AndroidManifest.xml:6:22-76
15    <uses-permission android:name="android.permission.POST_NOTIFICATIONS" />
15-->src/main/AndroidManifest.xml:7:5-77
15-->src/main/AndroidManifest.xml:7:22-74
16
17    <uses-feature
17-->[com.google.android.gms:play-services-maps:19.2.0] AndroidManifest.xml:22:5-24:33
18        android:glEsVersion="0x00020000"
18-->[com.google.android.gms:play-services-maps:19.2.0] AndroidManifest.xml:23:8-40
19        android:required="true" />
19-->[com.google.android.gms:play-services-maps:19.2.0] AndroidManifest.xml:24:8-31
20
21    <queries>
21-->[com.google.android.gms:play-services-maps:19.2.0] AndroidManifest.xml:27:5-30:15
22
23        <!-- Needs to be explicitly declared on Android R+ -->
24        <package android:name="com.google.android.apps.maps" />
24-->[com.google.android.gms:play-services-maps:19.2.0] AndroidManifest.xml:29:7-61
24-->[com.google.android.gms:play-services-maps:19.2.0] AndroidManifest.xml:29:16-59
25    </queries>
26
27    <permission
27-->[androidx.core:core:1.16.0] AndroidManifest.xml:22:5-24:47
28        android:name="com.vibeout.talaa.debug.DYNAMIC_RECEIVER_NOT_EXPORTED_PERMISSION"
28-->[androidx.core:core:1.16.0] AndroidManifest.xml:23:9-81
29        android:protectionLevel="signature" />
29-->[androidx.core:core:1.16.0] AndroidManifest.xml:24:9-44
30
31    <uses-permission android:name="com.vibeout.talaa.debug.DYNAMIC_RECEIVER_NOT_EXPORTED_PERMISSION" />
31-->[androidx.core:core:1.16.0] AndroidManifest.xml:26:5-97
31-->[androidx.core:core:1.16.0] AndroidManifest.xml:26:22-94
32
33    <application
33-->src/main/AndroidManifest.xml:9:5-34:19
34        android:name="com.vibeout.talaa.VibeOutApplication"
34-->src/main/AndroidManifest.xml:10:9-43
35        android:allowBackup="false"
35-->src/main/AndroidManifest.xml:11:9-36
36        android:appComponentFactory="androidx.core.app.CoreComponentFactory"
36-->[androidx.core:core:1.16.0] AndroidManifest.xml:28:18-86
37        android:dataExtractionRules="@xml/data_extraction_rules"
37-->src/main/AndroidManifest.xml:12:9-65
38        android:debuggable="true"
39        android:extractNativeLibs="false"
40        android:fullBackupContent="false"
40-->src/main/AndroidManifest.xml:13:9-42
41        android:icon="@mipmap/ic_launcher"
41-->src/main/AndroidManifest.xml:14:9-43
42        android:label="@string/app_name"
42-->src/main/AndroidManifest.xml:15:9-41
43        android:networkSecurityConfig="@xml/network_security_config"
43-->src/main/AndroidManifest.xml:16:9-69
44        android:roundIcon="@mipmap/ic_launcher_round"
44-->src/main/AndroidManifest.xml:17:9-54
45        android:supportsRtl="true"
45-->src/main/AndroidManifest.xml:18:9-35
46        android:testOnly="true"
47        android:theme="@style/Theme.VibeOut"
47-->src/main/AndroidManifest.xml:19:9-45
48        android:usesCleartextTraffic="true" >
48-->src/debug/AndroidManifest.xml:2:18-53
49        <meta-data
50            android:name="com.google.android.geo.API_KEY"
51            android:value="" />
52
53        <activity
53-->src/main/AndroidManifest.xml:25:9-33:20
54            android:name="com.vibeout.talaa.MainActivity"
54-->src/main/AndroidManifest.xml:26:13-41
55            android:exported="true"
55-->src/main/AndroidManifest.xml:27:13-36
56            android:screenOrientation="unspecified" >
56-->src/main/AndroidManifest.xml:28:13-52
57            <intent-filter>
57-->src/main/AndroidManifest.xml:29:13-32:29
58                <action android:name="android.intent.action.MAIN" />
58-->src/main/AndroidManifest.xml:30:17-69
58-->src/main/AndroidManifest.xml:30:25-66
59
60                <category android:name="android.intent.category.LAUNCHER" />
60-->src/main/AndroidManifest.xml:31:17-77
60-->src/main/AndroidManifest.xml:31:27-74
61            </intent-filter>
62        </activity> <!-- Needs to be explicitly declared on P+ -->
63        <uses-library
63-->[com.google.android.gms:play-services-maps:19.2.0] AndroidManifest.xml:33:7-86
64            android:name="org.apache.http.legacy"
64-->[com.google.android.gms:play-services-maps:19.2.0] AndroidManifest.xml:33:21-58
65            android:required="false" />
65-->[com.google.android.gms:play-services-maps:19.2.0] AndroidManifest.xml:33:59-83
66
67        <activity
67-->[com.google.android.gms:play-services-base:18.5.0] AndroidManifest.xml:5:9-173
68            android:name="com.google.android.gms.common.api.GoogleApiActivity"
68-->[com.google.android.gms:play-services-base:18.5.0] AndroidManifest.xml:5:19-85
69            android:exported="false"
69-->[com.google.android.gms:play-services-base:18.5.0] AndroidManifest.xml:5:146-170
70            android:theme="@android:style/Theme.Translucent.NoTitleBar" />
70-->[com.google.android.gms:play-services-base:18.5.0] AndroidManifest.xml:5:86-145
71
72        <meta-data
72-->[com.google.android.gms:play-services-basement:18.4.0] AndroidManifest.xml:6:9-122
73            android:name="com.google.android.gms.version"
73-->[com.google.android.gms:play-services-basement:18.4.0] AndroidManifest.xml:6:20-65
74            android:value="@integer/google_play_services_version" />
74-->[com.google.android.gms:play-services-basement:18.4.0] AndroidManifest.xml:6:66-119
75
76        <activity
76-->[androidx.compose.ui:ui-tooling-android:1.11.2] AndroidManifest.xml:23:9-25:39
77            android:name="androidx.compose.ui.tooling.PreviewActivity"
77-->[androidx.compose.ui:ui-tooling-android:1.11.2] AndroidManifest.xml:24:13-71
78            android:exported="true" />
78-->[androidx.compose.ui:ui-tooling-android:1.11.2] AndroidManifest.xml:25:13-36
79        <activity
79-->[androidx.compose.ui:ui-test-manifest:1.11.2] AndroidManifest.xml:23:9-26:79
80            android:name="androidx.activity.ComponentActivity"
80-->[androidx.compose.ui:ui-test-manifest:1.11.2] AndroidManifest.xml:24:13-63
81            android:exported="true"
81-->[androidx.compose.ui:ui-test-manifest:1.11.2] AndroidManifest.xml:25:13-36
82            android:theme="@android:style/Theme.Material.Light.NoActionBar" />
82-->[androidx.compose.ui:ui-test-manifest:1.11.2] AndroidManifest.xml:26:13-76
83
84        <provider
84-->[androidx.emoji2:emoji2:1.4.0] AndroidManifest.xml:24:9-32:20
85            android:name="androidx.startup.InitializationProvider"
85-->[androidx.emoji2:emoji2:1.4.0] AndroidManifest.xml:25:13-67
86            android:authorities="com.vibeout.talaa.debug.androidx-startup"
86-->[androidx.emoji2:emoji2:1.4.0] AndroidManifest.xml:26:13-68
87            android:exported="false" >
87-->[androidx.emoji2:emoji2:1.4.0] AndroidManifest.xml:27:13-37
88            <meta-data
88-->[androidx.emoji2:emoji2:1.4.0] AndroidManifest.xml:29:13-31:52
89                android:name="androidx.emoji2.text.EmojiCompatInitializer"
89-->[androidx.emoji2:emoji2:1.4.0] AndroidManifest.xml:30:17-75
90                android:value="androidx.startup" />
90-->[androidx.emoji2:emoji2:1.4.0] AndroidManifest.xml:31:17-49
91            <meta-data
91-->[androidx.lifecycle:lifecycle-process:2.9.4] AndroidManifest.xml:29:13-31:52
92                android:name="androidx.lifecycle.ProcessLifecycleInitializer"
92-->[androidx.lifecycle:lifecycle-process:2.9.4] AndroidManifest.xml:30:17-78
93                android:value="androidx.startup" />
93-->[androidx.lifecycle:lifecycle-process:2.9.4] AndroidManifest.xml:31:17-49
94            <meta-data
94-->[androidx.profileinstaller:profileinstaller:1.4.0] AndroidManifest.xml:29:13-31:52
95                android:name="androidx.profileinstaller.ProfileInstallerInitializer"
95-->[androidx.profileinstaller:profileinstaller:1.4.0] AndroidManifest.xml:30:17-85
96                android:value="androidx.startup" />
96-->[androidx.profileinstaller:profileinstaller:1.4.0] AndroidManifest.xml:31:17-49
97        </provider>
98
99        <uses-library
99-->[androidx.window:window:1.5.0] AndroidManifest.xml:23:9-25:40
100            android:name="androidx.window.extensions"
100-->[androidx.window:window:1.5.0] AndroidManifest.xml:24:13-54
101            android:required="false" />
101-->[androidx.window:window:1.5.0] AndroidManifest.xml:25:13-37
102        <uses-library
102-->[androidx.window:window:1.5.0] AndroidManifest.xml:26:9-28:40
103            android:name="androidx.window.sidecar"
103-->[androidx.window:window:1.5.0] AndroidManifest.xml:27:13-51
104            android:required="false" />
104-->[androidx.window:window:1.5.0] AndroidManifest.xml:28:13-37
105
106        <service
106-->[androidx.room:room-runtime-android:2.7.1] AndroidManifest.xml:24:9-28:63
107            android:name="androidx.room.MultiInstanceInvalidationService"
107-->[androidx.room:room-runtime-android:2.7.1] AndroidManifest.xml:25:13-74
108            android:directBootAware="true"
108-->[androidx.room:room-runtime-android:2.7.1] AndroidManifest.xml:26:13-43
109            android:exported="false" />
109-->[androidx.room:room-runtime-android:2.7.1] AndroidManifest.xml:27:13-37
110
111        <receiver
111-->[androidx.profileinstaller:profileinstaller:1.4.0] AndroidManifest.xml:34:9-52:20
112            android:name="androidx.profileinstaller.ProfileInstallReceiver"
112-->[androidx.profileinstaller:profileinstaller:1.4.0] AndroidManifest.xml:35:13-76
113            android:directBootAware="false"
113-->[androidx.profileinstaller:profileinstaller:1.4.0] AndroidManifest.xml:36:13-44
114            android:enabled="true"
114-->[androidx.profileinstaller:profileinstaller:1.4.0] AndroidManifest.xml:37:13-35
115            android:exported="true"
115-->[androidx.profileinstaller:profileinstaller:1.4.0] AndroidManifest.xml:38:13-36
116            android:permission="android.permission.DUMP" >
116-->[androidx.profileinstaller:profileinstaller:1.4.0] AndroidManifest.xml:39:13-57
117            <intent-filter>
117-->[androidx.profileinstaller:profileinstaller:1.4.0] AndroidManifest.xml:40:13-42:29
118                <action android:name="androidx.profileinstaller.action.INSTALL_PROFILE" />
118-->[androidx.profileinstaller:profileinstaller:1.4.0] AndroidManifest.xml:41:17-91
118-->[androidx.profileinstaller:profileinstaller:1.4.0] AndroidManifest.xml:41:25-88
119            </intent-filter>
120            <intent-filter>
120-->[androidx.profileinstaller:profileinstaller:1.4.0] AndroidManifest.xml:43:13-45:29
121                <action android:name="androidx.profileinstaller.action.SKIP_FILE" />
121-->[androidx.profileinstaller:profileinstaller:1.4.0] AndroidManifest.xml:44:17-85
121-->[androidx.profileinstaller:profileinstaller:1.4.0] AndroidManifest.xml:44:25-82
122            </intent-filter>
123            <intent-filter>
123-->[androidx.profileinstaller:profileinstaller:1.4.0] AndroidManifest.xml:46:13-48:29
124                <action android:name="androidx.profileinstaller.action.SAVE_PROFILE" />
124-->[androidx.profileinstaller:profileinstaller:1.4.0] AndroidManifest.xml:47:17-88
124-->[androidx.profileinstaller:profileinstaller:1.4.0] AndroidManifest.xml:47:25-85
125            </intent-filter>
126            <intent-filter>
126-->[androidx.profileinstaller:profileinstaller:1.4.0] AndroidManifest.xml:49:13-51:29
127                <action android:name="androidx.profileinstaller.action.BENCHMARK_OPERATION" />
127-->[androidx.profileinstaller:profileinstaller:1.4.0] AndroidManifest.xml:50:17-95
127-->[androidx.profileinstaller:profileinstaller:1.4.0] AndroidManifest.xml:50:25-92
128            </intent-filter>
129        </receiver>
130    </application>
131
132</manifest>